Using pre-set license
Built from '2020.3/staging' branch; Version is '2020.3.10f1 (297d780c91bc) revision 2719096'; Using compiler version '192528614'; Build Type 'Release'
OS: 'Windows 10 Enterprise; OS build 19043.985; Version 2009; 64bit' Language: 'en' Physical Memory: 16244 MB
BatchMode: 1, IsHumanControllingUs: 0, StartBugReporterOnCrash: 0, Is64bit: 1, IsPro: 0

 COMMAND LINE ARGUMENTS:
C:\Program Files\Unity\Hub\Editor\2020.3.10f1\Editor\Unity.exe
-adb2
-batchMode
-noUpm
-name
AssetImportWorker0
-projectPath
C:/Users/SirHandsomeJack/Projects/Clothes Shop
-logFile
Logs/AssetImportWorker0.log
-srvPort
1103
Successfully changed project path to: C:/Users/SirHandsomeJack/Projects/Clothes Shop
C:/Users/SirHandsomeJack/Projects/Clothes Shop
Using Asset Import Pipeline V2.
Refreshing native plugins compatible for Editor in 108.22 ms, found 3 plugins.
Preloading 0 native plugins for Editor in 0.00 ms.
Initialize engine version: 2020.3.10f1 (297d780c91bc)
[Subsystems] Discovering subsystems at path C:/Program Files/Unity/Hub/Editor/2020.3.10f1/Editor/Data/Resources/UnitySubsystems
[Subsystems] Discovering subsystems at path C:/Users/SirHandsomeJack/Projects/Clothes Shop/Assets
GfxDevice: creating device client; threaded=0
Direct3D:
    Version:  Direct3D 11.0 [level 11.1]
    Renderer: NVIDIA GeForce GTX 970 (ID=0x13c2)
    Vendor:   
    VRAM:     4043 MB
    Driver:   27.21.14.6663
Initialize mono
Mono path[0] = 'C:/Program Files/Unity/Hub/Editor/2020.3.10f1/Editor/Data/Managed'
Mono path[1] = 'C:/Program Files/Unity/Hub/Editor/2020.3.10f1/Editor/Data/MonoBleedingEdge/lib/mono/unityjit'
Mono config path = 'C:/Program Files/Unity/Hub/Editor/2020.3.10f1/Editor/Data/MonoBleedingEdge/etc'
Using monoOptions --debugger-agent=transport=dt_socket,embedding=1,server=y,suspend=n,address=127.0.0.1:56316
Begin MonoManager ReloadAssembly
Registering precompiled unity dll's ...
Register platform support module: C:/Program Files/Unity/Hub/Editor/2020.3.10f1/Editor/Data/PlaybackEngines/WindowsStandaloneSupport/UnityEditor.WindowsStandalone.Extensions.dll
Registered in 0.002307 seconds.
Native extension for WindowsStandalone target not found
Refreshing native plugins compatible for Editor in 63.67 ms, found 3 plugins.
Preloading 0 native plugins for Editor in 0.00 ms.
Mono: successfully reloaded assembly
- Completed reload, in  1.300 seconds
Platform modules already initialized, skipping
Registering precompiled user dll's ...
Registered in 0.010831 seconds.
Begin MonoManager ReloadAssembly
Native extension for WindowsStandalone target not found
Refreshing native plugins compatible for Editor in 55.47 ms, found 3 plugins.
Preloading 0 native plugins for Editor in 0.00 ms.
Mono: successfully reloaded assembly
- Completed reload, in  1.169 seconds
Platform modules already initialized, skipping
========================================================================
Worker process is ready to serve import requests
Launched and connected shader compiler UnityShaderCompiler.exe after 0.06 seconds
Refreshing native plugins compatible for Editor in 0.98 ms, found 3 plugins.
Preloading 0 native plugins for Editor in 0.00 ms.
Unloading 2642 Unused Serialized files (Serialized files now loaded: 0)
System memory in use before: 115.4 MB.
System memory in use after: 115.4 MB.

Unloading 42 unused Assets to reduce memory usage. Loaded Objects now: 3086.
Total: 2.043600 ms (FindLiveObjects: 0.221300 ms CreateObjectMapping: 0.110000 ms MarkObjects: 1.608300 ms  DeleteObjects: 0.102700 ms)

========================================================================
Received Import Request.
  path: Assets/Audio
  artifactKey: Guid(8099e01764bedef4c9348096d0530527) Importer(815301076,1909f56bfc062723c751e8b465ee728b)
Start importing Assets/Audio using Guid(8099e01764bedef4c9348096d0530527) Importer(815301076,1909f56bfc062723c751e8b465ee728b)  -> (artifact id: 'c85975024d55a099c6730f484abf90e1') in 0.006966 seconds
  Import took 0.010345 seconds .

========================================================================
Received Import Request.
  Time since last request: 15.004065 seconds.
  path: Assets/Audio/Tavern LOOP SLOW.wav
  artifactKey: Guid(085ea46b087cd4e1d9aa0172257ce892) Importer(815301076,1909f56bfc062723c751e8b465ee728b)
Start importing Assets/Audio/Tavern LOOP SLOW.wav using Guid(085ea46b087cd4e1d9aa0172257ce892) Importer(815301076,1909f56bfc062723c751e8b465ee728b)  -> (artifact id: '4248b398aa0324b36553a7d65f6087cf') in 0.222332 seconds
  Import took 0.226461 seconds .

========================================================================
Received Prepare
Registering precompiled user dll's ...
Registered in 0.028714 seconds.
Begin MonoManager ReloadAssembly
Native extension for WindowsStandalone target not found
Refreshing native plugins compatible for Editor in 0.85 ms, found 3 plugins.
Preloading 0 native plugins for Editor in 0.00 ms.
System.TypeInitializationException: The type initializer for 'Doozy.Engine.Utils.DoozyPath' threw an exception. ---> System.ArgumentException: The specified path is not of a legal form (empty).
  at System.IO.Path.InsecureGetFullPath (System.String path) [0x00025] in <695d1cc93cca45069c528c15c9fdd749>:0 
  at System.IO.Path.GetFullPathInternal (System.String path) [0x00000] in <695d1cc93cca45069c528c15c9fdd749>:0 
  at System.IO.FileInfo.Init (System.String fileName, System.Boolean checkHost) [0x00007] in <695d1cc93cca45069c528c15c9fdd749>:0 
  at System.IO.FileInfo..ctor (System.String fileName) [0x00014] in <695d1cc93cca45069c528c15c9fdd749>:0 
  at (wrapper remoting-invoke-with-check) System.IO.FileInfo..ctor(string)
  at Doozy.Engine.Utils.DoozyPath.get_BasePath () [0x0003b] in C:\Users\SirHandsomeJack\Projects\Clothes Shop\Assets\Doozy\Engine\Utils\DoozyPath.cs:158 
  at Doozy.Engine.Utils.DoozyPath..cctor () [0x00000] in C:\Users\SirHandsomeJack\Projects\Clothes Shop\Assets\Doozy\Engine\Utils\DoozyPath.cs:62 
   --- End of inner exception stack trace ---
  at Doozy.Editor.Internal.ProcessorsSettings.get_Instance () [0x00018] in C:\Users\SirHandsomeJack\Projects\Clothes Shop\Assets\Doozy\Editor\Internal\ProcessorsSettings.cs:23 
  at Doozy.Editor.Internal.DoozyAssetsProcessor.ExecuteProcessor () [0x0003f] in C:\Users\SirHandsomeJack\Projects\Clothes Shop\Assets\Doozy\Editor\Internal\DoozyAssetsProcessor.cs:44 
  at Doozy.Editor.Internal.DoozyAssetsProcessor..cctor () [0x00001] in C:\Users\SirHandsomeJack\Projects\Clothes Shop\Assets\Doozy\Editor\Internal\DoozyAssetsProcessor.cs:25 
UnityEngine.StackTraceUtility:ExtractStackTrace ()
UnityEngine.DebugLogHandler:LogFormat (UnityEngine.LogType,UnityEngine.Object,string,object[])
UnityEngine.Logger:Log (UnityEngine.LogType,object)
UnityEngine.Debug:LogError (object)
UnityEditor.EditorAssemblies:ProcessInitializeOnLoadAttributes (System.Type[])

System.TypeInitializationException: The type initializer for 'Doozy.Engine.Utils.DoozyPath' threw an exception. ---> System.ArgumentException: The specified path is not of a legal form (empty).
  at System.IO.Path.InsecureGetFullPath (System.String path) [0x00025] in <695d1cc93cca45069c528c15c9fdd749>:0 
  at System.IO.Path.GetFullPathInternal (System.String path) [0x00000] in <695d1cc93cca45069c528c15c9fdd749>:0 
  at System.IO.FileInfo.Init (System.String fileName, System.Boolean checkHost) [0x00007] in <695d1cc93cca45069c528c15c9fdd749>:0 
  at System.IO.FileInfo..ctor (System.String fileName) [0x00014] in <695d1cc93cca45069c528c15c9fdd749>:0 
  at (wrapper remoting-invoke-with-check) System.IO.FileInfo..ctor(string)
  at Doozy.Engine.Utils.DoozyPath.get_BasePath () [0x0003b] in C:\Users\SirHandsomeJack\Projects\Clothes Shop\Assets\Doozy\Engine\Utils\DoozyPath.cs:158 
  at Doozy.Engine.Utils.DoozyPath..cctor () [0x00000] in C:\Users\SirHandsomeJack\Projects\Clothes Shop\Assets\Doozy\Engine\Utils\DoozyPath.cs:62 
   --- End of inner exception stack trace ---
  at Doozy.Editor.Internal.ProcessorsSettings.get_Instance () [0x00018] in C:\Users\SirHandsomeJack\Projects\Clothes Shop\Assets\Doozy\Editor\Internal\ProcessorsSettings.cs:23 
  at Doozy.Editor.Internal.FoldersProcessor.ExecuteProcessor () [0x0000c] in C:\Users\SirHandsomeJack\Projects\Clothes Shop\Assets\Doozy\Editor\Internal\FoldersProcessor.cs:20 
  at Doozy.Editor.Internal.FoldersProcessor..cctor () [0x00001] in C:\Users\SirHandsomeJack\Projects\Clothes Shop\Assets\Doozy\Editor\Internal\FoldersProcessor.cs:15 
UnityEngine.StackTraceUtility:ExtractStackTrace ()
UnityEngine.DebugLogHandler:LogFormat (UnityEngine.LogType,UnityEngine.Object,string,object[])
UnityEngine.Logger:Log (UnityEngine.LogType,object)
UnityEngine.Debug:LogError (object)
UnityEditor.EditorAssemblies:ProcessInitializeOnLoadAttributes (System.Type[])

Mono: successfully reloaded assembly
- Completed reload, in  1.206 seconds
Platform modules already initialized, skipping
Refreshing native plugins compatible for Editor in 0.72 ms, found 3 plugins.
Preloading 0 native plugins for Editor in 0.00 ms.
Unloading 2635 Unused Serialized files (Serialized files now loaded: 0)
System memory in use before: 124.4 MB.
System memory in use after: 124.5 MB.

Unloading 30 unused Assets to reduce memory usage. Loaded Objects now: 3098.
Total: 2.200200 ms (FindLiveObjects: 0.229800 ms CreateObjectMapping: 0.144400 ms MarkObjects: 1.740300 ms  DeleteObjects: 0.084900 ms)

========================================================================
Received Import Request.
  Time since last request: 353.822431 seconds.
  path: Assets/Scripts/Character/CharacterMovement.cs
  artifactKey: Guid(cdb686050796633418edb4acde681596) Importer(815301076,1909f56bfc062723c751e8b465ee728b)
Start importing Assets/Scripts/Character/CharacterMovement.cs using Guid(cdb686050796633418edb4acde681596) Importer(815301076,1909f56bfc062723c751e8b465ee728b)  -> (artifact id: 'd0bf7dad37c6a744ea4e2a35ba023085') in 0.012391 seconds
  Import took 0.022843 seconds .

========================================================================
Received Prepare
Registering precompiled user dll's ...
Registered in 0.011071 seconds.
Begin MonoManager ReloadAssembly
Native extension for WindowsStandalone target not found
Refreshing native plugins compatible for Editor in 0.65 ms, found 3 plugins.
Preloading 0 native plugins for Editor in 0.00 ms.
System.TypeInitializationException: The type initializer for 'Doozy.Engine.Utils.DoozyPath' threw an exception. ---> System.ArgumentException: The specified path is not of a legal form (empty).
  at System.IO.Path.InsecureGetFullPath (System.String path) [0x00025] in <695d1cc93cca45069c528c15c9fdd749>:0 
  at System.IO.Path.GetFullPathInternal (System.String path) [0x00000] in <695d1cc93cca45069c528c15c9fdd749>:0 
  at System.IO.FileInfo.Init (System.String fileName, System.Boolean checkHost) [0x00007] in <695d1cc93cca45069c528c15c9fdd749>:0 
  at System.IO.FileInfo..ctor (System.String fileName) [0x00014] in <695d1cc93cca45069c528c15c9fdd749>:0 
  at (wrapper remoting-invoke-with-check) System.IO.FileInfo..ctor(string)
  at Doozy.Engine.Utils.DoozyPath.get_BasePath () [0x0003b] in C:\Users\SirHandsomeJack\Projects\Clothes Shop\Assets\Doozy\Engine\Utils\DoozyPath.cs:158 
  at Doozy.Engine.Utils.DoozyPath..cctor () [0x00000] in C:\Users\SirHandsomeJack\Projects\Clothes Shop\Assets\Doozy\Engine\Utils\DoozyPath.cs:62 
   --- End of inner exception stack trace ---
  at Doozy.Editor.Internal.ProcessorsSettings.get_Instance () [0x00018] in C:\Users\SirHandsomeJack\Projects\Clothes Shop\Assets\Doozy\Editor\Internal\ProcessorsSettings.cs:23 
  at Doozy.Editor.Internal.DoozyAssetsProcessor.ExecuteProcessor () [0x0003f] in C:\Users\SirHandsomeJack\Projects\Clothes Shop\Assets\Doozy\Editor\Internal\DoozyAssetsProcessor.cs:44 
  at Doozy.Editor.Internal.DoozyAssetsProcessor..cctor () [0x00001] in C:\Users\SirHandsomeJack\Projects\Clothes Shop\Assets\Doozy\Editor\Internal\DoozyAssetsProcessor.cs:25 
UnityEngine.StackTraceUtility:ExtractStackTrace ()
UnityEngine.DebugLogHandler:LogFormat (UnityEngine.LogType,UnityEngine.Object,string,object[])
UnityEngine.Logger:Log (UnityEngine.LogType,object)
UnityEngine.Debug:LogError (object)
UnityEditor.EditorAssemblies:ProcessInitializeOnLoadAttributes (System.Type[])

System.TypeInitializationException: The type initializer for 'Doozy.Engine.Utils.DoozyPath' threw an exception. ---> System.ArgumentException: The specified path is not of a legal form (empty).
  at System.IO.Path.InsecureGetFullPath (System.String path) [0x00025] in <695d1cc93cca45069c528c15c9fdd749>:0 
  at System.IO.Path.GetFullPathInternal (System.String path) [0x00000] in <695d1cc93cca45069c528c15c9fdd749>:0 
  at System.IO.FileInfo.Init (System.String fileName, System.Boolean checkHost) [0x00007] in <695d1cc93cca45069c528c15c9fdd749>:0 
  at System.IO.FileInfo..ctor (System.String fileName) [0x00014] in <695d1cc93cca45069c528c15c9fdd749>:0 
  at (wrapper remoting-invoke-with-check) System.IO.FileInfo..ctor(string)
  at Doozy.Engine.Utils.DoozyPath.get_BasePath () [0x0003b] in C:\Users\SirHandsomeJack\Projects\Clothes Shop\Assets\Doozy\Engine\Utils\DoozyPath.cs:158 
  at Doozy.Engine.Utils.DoozyPath..cctor () [0x00000] in C:\Users\SirHandsomeJack\Projects\Clothes Shop\Assets\Doozy\Engine\Utils\DoozyPath.cs:62 
   --- End of inner exception stack trace ---
  at Doozy.Editor.Internal.ProcessorsSettings.get_Instance () [0x00018] in C:\Users\SirHandsomeJack\Projects\Clothes Shop\Assets\Doozy\Editor\Internal\ProcessorsSettings.cs:23 
  at Doozy.Editor.Internal.FoldersProcessor.ExecuteProcessor () [0x0000c] in C:\Users\SirHandsomeJack\Projects\Clothes Shop\Assets\Doozy\Editor\Internal\FoldersProcessor.cs:20 
  at Doozy.Editor.Internal.FoldersProcessor..cctor () [0x00001] in C:\Users\SirHandsomeJack\Projects\Clothes Shop\Assets\Doozy\Editor\Internal\FoldersProcessor.cs:15 
UnityEngine.StackTraceUtility:ExtractStackTrace ()
UnityEngine.DebugLogHandler:LogFormat (UnityEngine.LogType,UnityEngine.Object,string,object[])
UnityEngine.Logger:Log (UnityEngine.LogType,object)
UnityEngine.Debug:LogError (object)
UnityEditor.EditorAssemblies:ProcessInitializeOnLoadAttributes (System.Type[])

Mono: successfully reloaded assembly
- Completed reload, in  1.059 seconds
Platform modules already initialized, skipping
Refreshing native plugins compatible for Editor in 0.62 ms, found 3 plugins.
Preloading 0 native plugins for Editor in 0.00 ms.
Unloading 2635 Unused Serialized files (Serialized files now loaded: 0)
System memory in use before: 124.5 MB.
System memory in use after: 124.6 MB.

Unloading 29 unused Assets to reduce memory usage. Loaded Objects now: 3102.
Total: 1.907000 ms (FindLiveObjects: 0.210600 ms CreateObjectMapping: 0.113300 ms MarkObjects: 1.498700 ms  DeleteObjects: 0.083800 ms)

========================================================================
Received Import Request.
  Time since last request: 372.707278 seconds.
  path: Assets/Scripts/Character/CharacterMovement.cs
  artifactKey: Guid(cdb686050796633418edb4acde681596) Importer(815301076,1909f56bfc062723c751e8b465ee728b)
Start importing Assets/Scripts/Character/CharacterMovement.cs using Guid(cdb686050796633418edb4acde681596) Importer(815301076,1909f56bfc062723c751e8b465ee728b)  -> (artifact id: '162c157698baf8548353a953d0bf0816') in 0.005851 seconds
  Import took 0.010376 seconds .

========================================================================
Received Prepare
Registering precompiled user dll's ...
Registered in 0.009574 seconds.
Begin MonoManager ReloadAssembly
Native extension for WindowsStandalone target not found
Refreshing native plugins compatible for Editor in 0.82 ms, found 3 plugins.
Preloading 0 native plugins for Editor in 0.00 ms.
System.TypeInitializationException: The type initializer for 'Doozy.Engine.Utils.DoozyPath' threw an exception. ---> System.ArgumentException: The specified path is not of a legal form (empty).
  at System.IO.Path.InsecureGetFullPath (System.String path) [0x00025] in <695d1cc93cca45069c528c15c9fdd749>:0 
  at System.IO.Path.GetFullPathInternal (System.String path) [0x00000] in <695d1cc93cca45069c528c15c9fdd749>:0 
  at System.IO.FileInfo.Init (System.String fileName, System.Boolean checkHost) [0x00007] in <695d1cc93cca45069c528c15c9fdd749>:0 
  at System.IO.FileInfo..ctor (System.String fileName) [0x00014] in <695d1cc93cca45069c528c15c9fdd749>:0 
  at (wrapper remoting-invoke-with-check) System.IO.FileInfo..ctor(string)
  at Doozy.Engine.Utils.DoozyPath.get_BasePath () [0x0003b] in C:\Users\SirHandsomeJack\Projects\Clothes Shop\Assets\Doozy\Engine\Utils\DoozyPath.cs:158 
  at Doozy.Engine.Utils.DoozyPath..cctor () [0x00000] in C:\Users\SirHandsomeJack\Projects\Clothes Shop\Assets\Doozy\Engine\Utils\DoozyPath.cs:62 
   --- End of inner exception stack trace ---
  at Doozy.Editor.Internal.ProcessorsSettings.get_Instance () [0x00018] in C:\Users\SirHandsomeJack\Projects\Clothes Shop\Assets\Doozy\Editor\Internal\ProcessorsSettings.cs:23 
  at Doozy.Editor.Internal.DoozyAssetsProcessor.ExecuteProcessor () [0x0003f] in C:\Users\SirHandsomeJack\Projects\Clothes Shop\Assets\Doozy\Editor\Internal\DoozyAssetsProcessor.cs:44 
  at Doozy.Editor.Internal.DoozyAssetsProcessor..cctor () [0x00001] in C:\Users\SirHandsomeJack\Projects\Clothes Shop\Assets\Doozy\Editor\Internal\DoozyAssetsProcessor.cs:25 
UnityEngine.StackTraceUtility:ExtractStackTrace ()
UnityEngine.DebugLogHandler:LogFormat (UnityEngine.LogType,UnityEngine.Object,string,object[])
UnityEngine.Logger:Log (UnityEngine.LogType,object)
UnityEngine.Debug:LogError (object)
UnityEditor.EditorAssemblies:ProcessInitializeOnLoadAttributes (System.Type[])

System.TypeInitializationException: The type initializer for 'Doozy.Engine.Utils.DoozyPath' threw an exception. ---> System.ArgumentException: The specified path is not of a legal form (empty).
  at System.IO.Path.InsecureGetFullPath (System.String path) [0x00025] in <695d1cc93cca45069c528c15c9fdd749>:0 
  at System.IO.Path.GetFullPathInternal (System.String path) [0x00000] in <695d1cc93cca45069c528c15c9fdd749>:0 
  at System.IO.FileInfo.Init (System.String fileName, System.Boolean checkHost) [0x00007] in <695d1cc93cca45069c528c15c9fdd749>:0 
  at System.IO.FileInfo..ctor (System.String fileName) [0x00014] in <695d1cc93cca45069c528c15c9fdd749>:0 
  at (wrapper remoting-invoke-with-check) System.IO.FileInfo..ctor(string)
  at Doozy.Engine.Utils.DoozyPath.get_BasePath () [0x0003b] in C:\Users\SirHandsomeJack\Projects\Clothes Shop\Assets\Doozy\Engine\Utils\DoozyPath.cs:158 
  at Doozy.Engine.Utils.DoozyPath..cctor () [0x00000] in C:\Users\SirHandsomeJack\Projects\Clothes Shop\Assets\Doozy\Engine\Utils\DoozyPath.cs:62 
   --- End of inner exception stack trace ---
  at Doozy.Editor.Internal.ProcessorsSettings.get_Instance () [0x00018] in C:\Users\SirHandsomeJack\Projects\Clothes Shop\Assets\Doozy\Editor\Internal\ProcessorsSettings.cs:23 
  at Doozy.Editor.Internal.FoldersProcessor.ExecuteProcessor () [0x0000c] in C:\Users\SirHandsomeJack\Projects\Clothes Shop\Assets\Doozy\Editor\Internal\FoldersProcessor.cs:20 
  at Doozy.Editor.Internal.FoldersProcessor..cctor () [0x00001] in C:\Users\SirHandsomeJack\Projects\Clothes Shop\Assets\Doozy\Editor\Internal\FoldersProcessor.cs:15 
UnityEngine.StackTraceUtility:ExtractStackTrace ()
UnityEngine.DebugLogHandler:LogFormat (UnityEngine.LogType,UnityEngine.Object,string,object[])
UnityEngine.Logger:Log (UnityEngine.LogType,object)
UnityEngine.Debug:LogError (object)
UnityEditor.EditorAssemblies:ProcessInitializeOnLoadAttributes (System.Type[])

Mono: successfully reloaded assembly
- Completed reload, in  1.033 seconds
Platform modules already initialized, skipping
Refreshing native plugins compatible for Editor in 0.62 ms, found 3 plugins.
Preloading 0 native plugins for Editor in 0.00 ms.
Unloading 2635 Unused Serialized files (Serialized files now loaded: 0)
System memory in use before: 124.5 MB.
System memory in use after: 124.6 MB.

Unloading 29 unused Assets to reduce memory usage. Loaded Objects now: 3106.
Total: 1.923800 ms (FindLiveObjects: 0.213800 ms CreateObjectMapping: 0.101800 ms MarkObjects: 1.520500 ms  DeleteObjects: 0.086600 ms)

========================================================================
Received Import Request.
  Time since last request: 65.264280 seconds.
  path: Assets/Textures/Game/npc1_5/down_walk1.png
  artifactKey: Guid(d4b57a771a8658f41a97839097832dae) Importer(815301076,1909f56bfc062723c751e8b465ee728b)
Start importing Assets/Textures/Game/npc1_5/down_walk1.png using Guid(d4b57a771a8658f41a97839097832dae) Importer(815301076,1909f56bfc062723c751e8b465ee728b)  -> (artifact id: '956bb41aebddbb599f342d35ee8a372b') in 0.053320 seconds
  Import took 0.058197 seconds .

========================================================================
Received Import Request.
  Time since last request: 0.001345 seconds.
  path: Assets/Textures/Game/npc1_5/down_walk1.png
  artifactKey: Guid(d4b57a771a8658f41a97839097832dae) Importer(815301076,1909f56bfc062723c751e8b465ee728b)
Start importing Assets/Textures/Game/npc1_5/down_walk1.png using Guid(d4b57a771a8658f41a97839097832dae) Importer(815301076,1909f56bfc062723c751e8b465ee728b)  -> (artifact id: '956bb41aebddbb599f342d35ee8a372b') in 0.008915 seconds
  Import took 0.013109 seconds .

========================================================================
Received Import Request.
  Time since last request: 0.773293 seconds.
  path: Assets/Textures/Game/npc1_5/down_walk2.png
  artifactKey: Guid(0cba5fdf4b1fc4349a6c60a19e069292) Importer(815301076,1909f56bfc062723c751e8b465ee728b)
Start importing Assets/Textures/Game/npc1_5/down_walk2.png using Guid(0cba5fdf4b1fc4349a6c60a19e069292) Importer(815301076,1909f56bfc062723c751e8b465ee728b)  -> (artifact id: '7731b77d6736ed78b63eb7e8bd9ad673') in 0.009135 seconds
  Import took 0.012862 seconds .

========================================================================
Received Prepare
Registering precompiled user dll's ...
Registered in 0.009588 seconds.
Begin MonoManager ReloadAssembly
Native extension for WindowsStandalone target not found
Refreshing native plugins compatible for Editor in 0.62 ms, found 3 plugins.
Preloading 0 native plugins for Editor in 0.00 ms.
System.TypeInitializationException: The type initializer for 'Doozy.Engine.Utils.DoozyPath' threw an exception. ---> System.ArgumentException: The specified path is not of a legal form (empty).
  at System.IO.Path.InsecureGetFullPath (System.String path) [0x00025] in <695d1cc93cca45069c528c15c9fdd749>:0 
  at System.IO.Path.GetFullPathInternal (System.String path) [0x00000] in <695d1cc93cca45069c528c15c9fdd749>:0 
  at System.IO.FileInfo.Init (System.String fileName, System.Boolean checkHost) [0x00007] in <695d1cc93cca45069c528c15c9fdd749>:0 
  at System.IO.FileInfo..ctor (System.String fileName) [0x00014] in <695d1cc93cca45069c528c15c9fdd749>:0 
  at (wrapper remoting-invoke-with-check) System.IO.FileInfo..ctor(string)
  at Doozy.Engine.Utils.DoozyPath.get_BasePath () [0x0003b] in C:\Users\SirHandsomeJack\Projects\Clothes Shop\Assets\Doozy\Engine\Utils\DoozyPath.cs:158 
  at Doozy.Engine.Utils.DoozyPath..cctor () [0x00000] in C:\Users\SirHandsomeJack\Projects\Clothes Shop\Assets\Doozy\Engine\Utils\DoozyPath.cs:62 
   --- End of inner exception stack trace ---
  at Doozy.Editor.Internal.ProcessorsSettings.get_Instance () [0x00018] in C:\Users\SirHandsomeJack\Projects\Clothes Shop\Assets\Doozy\Editor\Internal\ProcessorsSettings.cs:23 
  at Doozy.Editor.Internal.DoozyAssetsProcessor.ExecuteProcessor () [0x0003f] in C:\Users\SirHandsomeJack\Projects\Clothes Shop\Assets\Doozy\Editor\Internal\DoozyAssetsProcessor.cs:44 
  at Doozy.Editor.Internal.DoozyAssetsProcessor..cctor () [0x00001] in C:\Users\SirHandsomeJack\Projects\Clothes Shop\Assets\Doozy\Editor\Internal\DoozyAssetsProcessor.cs:25 
UnityEngine.StackTraceUtility:ExtractStackTrace ()
UnityEngine.DebugLogHandler:LogFormat (UnityEngine.LogType,UnityEngine.Object,string,object[])
UnityEngine.Logger:Log (UnityEngine.LogType,object)
UnityEngine.Debug:LogError (object)
UnityEditor.EditorAssemblies:ProcessInitializeOnLoadAttributes (System.Type[])

System.TypeInitializationException: The type initializer for 'Doozy.Engine.Utils.DoozyPath' threw an exception. ---> System.ArgumentException: The specified path is not of a legal form (empty).
  at System.IO.Path.InsecureGetFullPath (System.String path) [0x00025] in <695d1cc93cca45069c528c15c9fdd749>:0 
  at System.IO.Path.GetFullPathInternal (System.String path) [0x00000] in <695d1cc93cca45069c528c15c9fdd749>:0 
  at System.IO.FileInfo.Init (System.String fileName, System.Boolean checkHost) [0x00007] in <695d1cc93cca45069c528c15c9fdd749>:0 
  at System.IO.FileInfo..ctor (System.String fileName) [0x00014] in <695d1cc93cca45069c528c15c9fdd749>:0 
  at (wrapper remoting-invoke-with-check) System.IO.FileInfo..ctor(string)
  at Doozy.Engine.Utils.DoozyPath.get_BasePath () [0x0003b] in C:\Users\SirHandsomeJack\Projects\Clothes Shop\Assets\Doozy\Engine\Utils\DoozyPath.cs:158 
  at Doozy.Engine.Utils.DoozyPath..cctor () [0x00000] in C:\Users\SirHandsomeJack\Projects\Clothes Shop\Assets\Doozy\Engine\Utils\DoozyPath.cs:62 
   --- End of inner exception stack trace ---
  at Doozy.Editor.Internal.ProcessorsSettings.get_Instance () [0x00018] in C:\Users\SirHandsomeJack\Projects\Clothes Shop\Assets\Doozy\Editor\Internal\ProcessorsSettings.cs:23 
  at Doozy.Editor.Internal.FoldersProcessor.ExecuteProcessor () [0x0000c] in C:\Users\SirHandsomeJack\Projects\Clothes Shop\Assets\Doozy\Editor\Internal\FoldersProcessor.cs:20 
  at Doozy.Editor.Internal.FoldersProcessor..cctor () [0x00001] in C:\Users\SirHandsomeJack\Projects\Clothes Shop\Assets\Doozy\Editor\Internal\FoldersProcessor.cs:15 
UnityEngine.StackTraceUtility:ExtractStackTrace ()
UnityEngine.DebugLogHandler:LogFormat (UnityEngine.LogType,UnityEngine.Object,string,object[])
UnityEngine.Logger:Log (UnityEngine.LogType,object)
UnityEngine.Debug:LogError (object)
UnityEditor.EditorAssemblies:ProcessInitializeOnLoadAttributes (System.Type[])

Mono: successfully reloaded assembly
- Completed reload, in  1.112 seconds
Platform modules already initialized, skipping
Refreshing native plugins compatible for Editor in 0.61 ms, found 3 plugins.
Preloading 0 native plugins for Editor in 0.00 ms.
Unloading 2635 Unused Serialized files (Serialized files now loaded: 0)
System memory in use before: 124.6 MB.
System memory in use after: 124.6 MB.

Unloading 29 unused Assets to reduce memory usage. Loaded Objects now: 3114.
Total: 2.040300 ms (FindLiveObjects: 0.222100 ms CreateObjectMapping: 0.113000 ms MarkObjects: 1.619200 ms  DeleteObjects: 0.084700 ms)

========================================================================
Received Import Request.
  Time since last request: 62.066468 seconds.
  path: Assets/Animation
  artifactKey: Guid(2b6beb4ea25805349afae29a3c267b81) Importer(815301076,1909f56bfc062723c751e8b465ee728b)
Start importing Assets/Animation using Guid(2b6beb4ea25805349afae29a3c267b81) Importer(815301076,1909f56bfc062723c751e8b465ee728b)  -> (artifact id: 'd48bff088db3bad0e107ff6fadf0ddd3') in 0.011477 seconds
  Import took 0.019390 seconds .

========================================================================
Received Import Request.
  Time since last request: 12.830375 seconds.
  path: Assets/Animation/New Animator Controller.controller
  artifactKey: Guid(77bd560fe95ac3a4c9ff3227d4edf682) Importer(815301076,1909f56bfc062723c751e8b465ee728b)
Start importing Assets/Animation/New Animator Controller.controller using Guid(77bd560fe95ac3a4c9ff3227d4edf682) Importer(815301076,1909f56bfc062723c751e8b465ee728b)  -> (artifact id: '01bd3ddce90447311d869f613529335b') in 0.020296 seconds
  Import took 0.025633 seconds .

========================================================================
Received Import Request.
  Time since last request: 24.515903 seconds.
  path: Assets/Animation/npc1_5
  artifactKey: Guid(4c27c07ab9530a3498c36357af73503e) Importer(815301076,1909f56bfc062723c751e8b465ee728b)
Start importing Assets/Animation/npc1_5 using Guid(4c27c07ab9530a3498c36357af73503e) Importer(815301076,1909f56bfc062723c751e8b465ee728b)  -> (artifact id: '6929eb00638a3f2149e05185529f3c5d') in 0.006729 seconds
  Import took 0.013427 seconds .

========================================================================
Received Import Request.
  Time since last request: 17.747382 seconds.
  path: Assets/Animation/npc1_5/Bunny1_Animator.controller
  artifactKey: Guid(429d37a2959731d4eb141cbadab5cb20) Importer(815301076,1909f56bfc062723c751e8b465ee728b)
Start importing Assets/Animation/npc1_5/Bunny1_Animator.controller using Guid(429d37a2959731d4eb141cbadab5cb20) Importer(815301076,1909f56bfc062723c751e8b465ee728b)  -> (artifact id: '409f51826ce72364f0ac20dba74eb012') in 0.006942 seconds
  Import took 0.011263 seconds .

========================================================================
Received Import Request.
  Time since last request: 0.000874 seconds.
  path: Assets/Animation/npc1_5/Bunny1_Animator.controller
  artifactKey: Guid(429d37a2959731d4eb141cbadab5cb20) Importer(815301076,1909f56bfc062723c751e8b465ee728b)
Start importing Assets/Animation/npc1_5/Bunny1_Animator.controller using Guid(429d37a2959731d4eb141cbadab5cb20) Importer(815301076,1909f56bfc062723c751e8b465ee728b)  -> (artifact id: '409f51826ce72364f0ac20dba74eb012') in 0.004574 seconds
  Import took 0.009153 seconds .

========================================================================
Received Import Request.
  Time since last request: 9.080144 seconds.
  path: Assets/Animation/npc1_5/NPC1_5_Animator.controller
  artifactKey: Guid(429d37a2959731d4eb141cbadab5cb20) Importer(815301076,1909f56bfc062723c751e8b465ee728b)
Start importing Assets/Animation/npc1_5/NPC1_5_Animator.controller using Guid(429d37a2959731d4eb141cbadab5cb20) Importer(815301076,1909f56bfc062723c751e8b465ee728b)  -> (artifact id: '2079b098b63c92b7c5fa5c0907a835ca') in 0.009776 seconds
  Import took 0.016775 seconds .

========================================================================
Received Import Request.
  Time since last request: 16.278098 seconds.
  path: Assets/Animation/npc1_5/npc1_5_Animator.controller
  artifactKey: Guid(429d37a2959731d4eb141cbadab5cb20) Importer(815301076,1909f56bfc062723c751e8b465ee728b)
Start importing Assets/Animation/npc1_5/npc1_5_Animator.controller using Guid(429d37a2959731d4eb141cbadab5cb20) Importer(815301076,1909f56bfc062723c751e8b465ee728b)  -> (artifact id: '711e08359a8555a51148875fb4881675') in 0.009104 seconds
  Import took 0.015649 seconds .

========================================================================
Received Import Request.
  Time since last request: 30.005668 seconds.
  path: Assets/Animation/npc1_5/npc1_5_idle.anim
  artifactKey: Guid(6a6953711361a9749a49aa95e135001f) Importer(815301076,1909f56bfc062723c751e8b465ee728b)
Start importing Assets/Animation/npc1_5/npc1_5_idle.anim using Guid(6a6953711361a9749a49aa95e135001f) Importer(815301076,1909f56bfc062723c751e8b465ee728b)  -> (artifact id: '226ed3da2604b8e4ae73bfff62abd1c7') in 0.009300 seconds
  Import took 0.014301 seconds .

========================================================================
Received Import Request.
  Time since last request: 84.207475 seconds.
  path: Assets/Animation/npc1_5/npc1_5_idle.anim
  artifactKey: Guid(6a6953711361a9749a49aa95e135001f) Importer(815301076,1909f56bfc062723c751e8b465ee728b)
Start importing Assets/Animation/npc1_5/npc1_5_idle.anim using Guid(6a6953711361a9749a49aa95e135001f) Importer(815301076,1909f56bfc062723c751e8b465ee728b)  -> (artifact id: '72152260fe691ca202271ff27b221475') in 0.004374 seconds
  Import took 0.008197 seconds .

========================================================================
Received Prepare
Registering precompiled user dll's ...
Registered in 0.034670 seconds.
Begin MonoManager ReloadAssembly
Native extension for WindowsStandalone target not found
Refreshing native plugins compatible for Editor in 0.61 ms, found 3 plugins.
Preloading 0 native plugins for Editor in 0.00 ms.
System.TypeInitializationException: The type initializer for 'Doozy.Engine.Utils.DoozyPath' threw an exception. ---> System.ArgumentException: The specified path is not of a legal form (empty).
  at System.IO.Path.InsecureGetFullPath (System.String path) [0x00025] in <695d1cc93cca45069c528c15c9fdd749>:0 
  at System.IO.Path.GetFullPathInternal (System.String path) [0x00000] in <695d1cc93cca45069c528c15c9fdd749>:0 
  at System.IO.FileInfo.Init (System.String fileName, System.Boolean checkHost) [0x00007] in <695d1cc93cca45069c528c15c9fdd749>:0 
  at System.IO.FileInfo..ctor (System.String fileName) [0x00014] in <695d1cc93cca45069c528c15c9fdd749>:0 
  at (wrapper remoting-invoke-with-check) System.IO.FileInfo..ctor(string)
  at Doozy.Engine.Utils.DoozyPath.get_BasePath () [0x0003b] in C:\Users\SirHandsomeJack\Projects\Clothes Shop\Assets\Doozy\Engine\Utils\DoozyPath.cs:158 
  at Doozy.Engine.Utils.DoozyPath..cctor () [0x00000] in C:\Users\SirHandsomeJack\Projects\Clothes Shop\Assets\Doozy\Engine\Utils\DoozyPath.cs:62 
   --- End of inner exception stack trace ---
  at Doozy.Editor.Internal.ProcessorsSettings.get_Instance () [0x00018] in C:\Users\SirHandsomeJack\Projects\Clothes Shop\Assets\Doozy\Editor\Internal\ProcessorsSettings.cs:23 
  at Doozy.Editor.Internal.DoozyAssetsProcessor.ExecuteProcessor () [0x0003f] in C:\Users\SirHandsomeJack\Projects\Clothes Shop\Assets\Doozy\Editor\Internal\DoozyAssetsProcessor.cs:44 
  at Doozy.Editor.Internal.DoozyAssetsProcessor..cctor () [0x00001] in C:\Users\SirHandsomeJack\Projects\Clothes Shop\Assets\Doozy\Editor\Internal\DoozyAssetsProcessor.cs:25 
UnityEngine.StackTraceUtility:ExtractStackTrace ()
UnityEngine.DebugLogHandler:LogFormat (UnityEngine.LogType,UnityEngine.Object,string,object[])
UnityEngine.Logger:Log (UnityEngine.LogType,object)
UnityEngine.Debug:LogError (object)
UnityEditor.EditorAssemblies:ProcessInitializeOnLoadAttributes (System.Type[])

System.TypeInitializationException: The type initializer for 'Doozy.Engine.Utils.DoozyPath' threw an exception. ---> System.ArgumentException: The specified path is not of a legal form (empty).
  at System.IO.Path.InsecureGetFullPath (System.String path) [0x00025] in <695d1cc93cca45069c528c15c9fdd749>:0 
  at System.IO.Path.GetFullPathInternal (System.String path) [0x00000] in <695d1cc93cca45069c528c15c9fdd749>:0 
  at System.IO.FileInfo.Init (System.String fileName, System.Boolean checkHost) [0x00007] in <695d1cc93cca45069c528c15c9fdd749>:0 
  at System.IO.FileInfo..ctor (System.String fileName) [0x00014] in <695d1cc93cca45069c528c15c9fdd749>:0 
  at (wrapper remoting-invoke-with-check) System.IO.FileInfo..ctor(string)
  at Doozy.Engine.Utils.DoozyPath.get_BasePath () [0x0003b] in C:\Users\SirHandsomeJack\Projects\Clothes Shop\Assets\Doozy\Engine\Utils\DoozyPath.cs:158 
  at Doozy.Engine.Utils.DoozyPath..cctor () [0x00000] in C:\Users\SirHandsomeJack\Projects\Clothes Shop\Assets\Doozy\Engine\Utils\DoozyPath.cs:62 
   --- End of inner exception stack trace ---
  at Doozy.Editor.Internal.ProcessorsSettings.get_Instance () [0x00018] in C:\Users\SirHandsomeJack\Projects\Clothes Shop\Assets\Doozy\Editor\Internal\ProcessorsSettings.cs:23 
  at Doozy.Editor.Internal.FoldersProcessor.ExecuteProcessor () [0x0000c] in C:\Users\SirHandsomeJack\Projects\Clothes Shop\Assets\Doozy\Editor\Internal\FoldersProcessor.cs:20 
  at Doozy.Editor.Internal.FoldersProcessor..cctor () [0x00001] in C:\Users\SirHandsomeJack\Projects\Clothes Shop\Assets\Doozy\Editor\Internal\FoldersProcessor.cs:15 
UnityEngine.StackTraceUtility:ExtractStackTrace ()
UnityEngine.DebugLogHandler:LogFormat (UnityEngine.LogType,UnityEngine.Object,string,object[])
UnityEngine.Logger:Log (UnityEngine.LogType,object)
UnityEngine.Debug:LogError (object)
UnityEditor.EditorAssemblies:ProcessInitializeOnLoadAttributes (System.Type[])

Mono: successfully reloaded assembly
- Completed reload, in  1.042 seconds
Platform modules already initialized, skipping
Refreshing native plugins compatible for Editor in 0.62 ms, found 3 plugins.
Preloading 0 native plugins for Editor in 0.00 ms.
Unloading 2635 Unused Serialized files (Serialized files now loaded: 0)
System memory in use before: 124.6 MB.
System memory in use after: 124.7 MB.

Unloading 29 unused Assets to reduce memory usage. Loaded Objects now: 3118.
Total: 1.947800 ms (FindLiveObjects: 0.204100 ms CreateObjectMapping: 0.105900 ms MarkObjects: 1.550800 ms  DeleteObjects: 0.086400 ms)

========================================================================
Received Prepare
Registering precompiled user dll's ...
Registered in 0.009792 seconds.
Begin MonoManager ReloadAssembly
Native extension for WindowsStandalone target not found
Refreshing native plugins compatible for Editor in 0.60 ms, found 3 plugins.
Preloading 0 native plugins for Editor in 0.00 ms.
System.TypeInitializationException: The type initializer for 'Doozy.Engine.Utils.DoozyPath' threw an exception. ---> System.ArgumentException: The specified path is not of a legal form (empty).
  at System.IO.Path.InsecureGetFullPath (System.String path) [0x00025] in <695d1cc93cca45069c528c15c9fdd749>:0 
  at System.IO.Path.GetFullPathInternal (System.String path) [0x00000] in <695d1cc93cca45069c528c15c9fdd749>:0 
  at System.IO.FileInfo.Init (System.String fileName, System.Boolean checkHost) [0x00007] in <695d1cc93cca45069c528c15c9fdd749>:0 
  at System.IO.FileInfo..ctor (System.String fileName) [0x00014] in <695d1cc93cca45069c528c15c9fdd749>:0 
  at (wrapper remoting-invoke-with-check) System.IO.FileInfo..ctor(string)
  at Doozy.Engine.Utils.DoozyPath.get_BasePath () [0x0003b] in C:\Users\SirHandsomeJack\Projects\Clothes Shop\Assets\Doozy\Engine\Utils\DoozyPath.cs:158 
  at Doozy.Engine.Utils.DoozyPath..cctor () [0x00000] in C:\Users\SirHandsomeJack\Projects\Clothes Shop\Assets\Doozy\Engine\Utils\DoozyPath.cs:62 
   --- End of inner exception stack trace ---
  at Doozy.Editor.Internal.ProcessorsSettings.get_Instance () [0x00018] in C:\Users\SirHandsomeJack\Projects\Clothes Shop\Assets\Doozy\Editor\Internal\ProcessorsSettings.cs:23 
  at Doozy.Editor.Internal.DoozyAssetsProcessor.ExecuteProcessor () [0x0003f] in C:\Users\SirHandsomeJack\Projects\Clothes Shop\Assets\Doozy\Editor\Internal\DoozyAssetsProcessor.cs:44 
  at Doozy.Editor.Internal.DoozyAssetsProcessor..cctor () [0x00001] in C:\Users\SirHandsomeJack\Projects\Clothes Shop\Assets\Doozy\Editor\Internal\DoozyAssetsProcessor.cs:25 
UnityEngine.StackTraceUtility:ExtractStackTrace ()
UnityEngine.DebugLogHandler:LogFormat (UnityEngine.LogType,UnityEngine.Object,string,object[])
UnityEngine.Logger:Log (UnityEngine.LogType,object)
UnityEngine.Debug:LogError (object)
UnityEditor.EditorAssemblies:ProcessInitializeOnLoadAttributes (System.Type[])

System.TypeInitializationException: The type initializer for 'Doozy.Engine.Utils.DoozyPath' threw an exception. ---> System.ArgumentException: The specified path is not of a legal form (empty).
  at System.IO.Path.InsecureGetFullPath (System.String path) [0x00025] in <695d1cc93cca45069c528c15c9fdd749>:0 
  at System.IO.Path.GetFullPathInternal (System.String path) [0x00000] in <695d1cc93cca45069c528c15c9fdd749>:0 
  at System.IO.FileInfo.Init (System.String fileName, System.Boolean checkHost) [0x00007] in <695d1cc93cca45069c528c15c9fdd749>:0 
  at System.IO.FileInfo..ctor (System.String fileName) [0x00014] in <695d1cc93cca45069c528c15c9fdd749>:0 
  at (wrapper remoting-invoke-with-check) System.IO.FileInfo..ctor(string)
  at Doozy.Engine.Utils.DoozyPath.get_BasePath () [0x0003b] in C:\Users\SirHandsomeJack\Projects\Clothes Shop\Assets\Doozy\Engine\Utils\DoozyPath.cs:158 
  at Doozy.Engine.Utils.DoozyPath..cctor () [0x00000] in C:\Users\SirHandsomeJack\Projects\Clothes Shop\Assets\Doozy\Engine\Utils\DoozyPath.cs:62 
   --- End of inner exception stack trace ---
  at Doozy.Editor.Internal.ProcessorsSettings.get_Instance () [0x00018] in C:\Users\SirHandsomeJack\Projects\Clothes Shop\Assets\Doozy\Editor\Internal\ProcessorsSettings.cs:23 
  at Doozy.Editor.Internal.FoldersProcessor.ExecuteProcessor () [0x0000c] in C:\Users\SirHandsomeJack\Projects\Clothes Shop\Assets\Doozy\Editor\Internal\FoldersProcessor.cs:20 
  at Doozy.Editor.Internal.FoldersProcessor..cctor () [0x00001] in C:\Users\SirHandsomeJack\Projects\Clothes Shop\Assets\Doozy\Editor\Internal\FoldersProcessor.cs:15 
UnityEngine.StackTraceUtility:ExtractStackTrace ()
UnityEngine.DebugLogHandler:LogFormat (UnityEngine.LogType,UnityEngine.Object,string,object[])
UnityEngine.Logger:Log (UnityEngine.LogType,object)
UnityEngine.Debug:LogError (object)
UnityEditor.EditorAssemblies:ProcessInitializeOnLoadAttributes (System.Type[])

Mono: successfully reloaded assembly
- Completed reload, in  1.056 seconds
Platform modules already initialized, skipping
Refreshing native plugins compatible for Editor in 0.60 ms, found 3 plugins.
Preloading 0 native plugins for Editor in 0.00 ms.
Unloading 2635 Unused Serialized files (Serialized files now loaded: 0)
System memory in use before: 124.6 MB.
System memory in use after: 124.7 MB.

Unloading 29 unused Assets to reduce memory usage. Loaded Objects now: 3122.
Total: 1.975500 ms (FindLiveObjects: 0.223200 ms CreateObjectMapping: 0.127800 ms MarkObjects: 1.533300 ms  DeleteObjects: 0.090500 ms)

========================================================================
Received Prepare
Registering precompiled user dll's ...
Registered in 0.009792 seconds.
Begin MonoManager ReloadAssembly
Native extension for WindowsStandalone target not found
Refreshing native plugins compatible for Editor in 0.61 ms, found 3 plugins.
Preloading 0 native plugins for Editor in 0.00 ms.
System.TypeInitializationException: The type initializer for 'Doozy.Engine.Utils.DoozyPath' threw an exception. ---> System.ArgumentException: The specified path is not of a legal form (empty).
  at System.IO.Path.InsecureGetFullPath (System.String path) [0x00025] in <695d1cc93cca45069c528c15c9fdd749>:0 
  at System.IO.Path.GetFullPathInternal (System.String path) [0x00000] in <695d1cc93cca45069c528c15c9fdd749>:0 
  at System.IO.FileInfo.Init (System.String fileName, System.Boolean checkHost) [0x00007] in <695d1cc93cca45069c528c15c9fdd749>:0 
  at System.IO.FileInfo..ctor (System.String fileName) [0x00014] in <695d1cc93cca45069c528c15c9fdd749>:0 
  at (wrapper remoting-invoke-with-check) System.IO.FileInfo..ctor(string)
  at Doozy.Engine.Utils.DoozyPath.get_BasePath () [0x0003b] in C:\Users\SirHandsomeJack\Projects\Clothes Shop\Assets\Doozy\Engine\Utils\DoozyPath.cs:158 
  at Doozy.Engine.Utils.DoozyPath..cctor () [0x00000] in C:\Users\SirHandsomeJack\Projects\Clothes Shop\Assets\Doozy\Engine\Utils\DoozyPath.cs:62 
   --- End of inner exception stack trace ---
  at Doozy.Editor.Internal.ProcessorsSettings.get_Instance () [0x00018] in C:\Users\SirHandsomeJack\Projects\Clothes Shop\Assets\Doozy\Editor\Internal\ProcessorsSettings.cs:23 
  at Doozy.Editor.Internal.DoozyAssetsProcessor.ExecuteProcessor () [0x0003f] in C:\Users\SirHandsomeJack\Projects\Clothes Shop\Assets\Doozy\Editor\Internal\DoozyAssetsProcessor.cs:44 
  at Doozy.Editor.Internal.DoozyAssetsProcessor..cctor () [0x00001] in C:\Users\SirHandsomeJack\Projects\Clothes Shop\Assets\Doozy\Editor\Internal\DoozyAssetsProcessor.cs:25 
UnityEngine.StackTraceUtility:ExtractStackTrace ()
UnityEngine.DebugLogHandler:LogFormat (UnityEngine.LogType,UnityEngine.Object,string,object[])
UnityEngine.Logger:Log (UnityEngine.LogType,object)
UnityEngine.Debug:LogError (object)
UnityEditor.EditorAssemblies:ProcessInitializeOnLoadAttributes (System.Type[])

System.TypeInitializationException: The type initializer for 'Doozy.Engine.Utils.DoozyPath' threw an exception. ---> System.ArgumentException: The specified path is not of a legal form (empty).
  at System.IO.Path.InsecureGetFullPath (System.String path) [0x00025] in <695d1cc93cca45069c528c15c9fdd749>:0 
  at System.IO.Path.GetFullPathInternal (System.String path) [0x00000] in <695d1cc93cca45069c528c15c9fdd749>:0 
  at System.IO.FileInfo.Init (System.String fileName, System.Boolean checkHost) [0x00007] in <695d1cc93cca45069c528c15c9fdd749>:0 
  at System.IO.FileInfo..ctor (System.String fileName) [0x00014] in <695d1cc93cca45069c528c15c9fdd749>:0 
  at (wrapper remoting-invoke-with-check) System.IO.FileInfo..ctor(string)
  at Doozy.Engine.Utils.DoozyPath.get_BasePath () [0x0003b] in C:\Users\SirHandsomeJack\Projects\Clothes Shop\Assets\Doozy\Engine\Utils\DoozyPath.cs:158 
  at Doozy.Engine.Utils.DoozyPath..cctor () [0x00000] in C:\Users\SirHandsomeJack\Projects\Clothes Shop\Assets\Doozy\Engine\Utils\DoozyPath.cs:62 
   --- End of inner exception stack trace ---
  at Doozy.Editor.Internal.ProcessorsSettings.get_Instance () [0x00018] in C:\Users\SirHandsomeJack\Projects\Clothes Shop\Assets\Doozy\Editor\Internal\ProcessorsSettings.cs:23 
  at Doozy.Editor.Internal.FoldersProcessor.ExecuteProcessor () [0x0000c] in C:\Users\SirHandsomeJack\Projects\Clothes Shop\Assets\Doozy\Editor\Internal\FoldersProcessor.cs:20 
  at Doozy.Editor.Internal.FoldersProcessor..cctor () [0x00001] in C:\Users\SirHandsomeJack\Projects\Clothes Shop\Assets\Doozy\Editor\Internal\FoldersProcessor.cs:15 
UnityEngine.StackTraceUtility:ExtractStackTrace ()
UnityEngine.DebugLogHandler:LogFormat (UnityEngine.LogType,UnityEngine.Object,string,object[])
UnityEngine.Logger:Log (UnityEngine.LogType,object)
UnityEngine.Debug:LogError (object)
UnityEditor.EditorAssemblies:ProcessInitializeOnLoadAttributes (System.Type[])

Mono: successfully reloaded assembly
- Completed reload, in  1.058 seconds
Platform modules already initialized, skipping
Refreshing native plugins compatible for Editor in 0.60 ms, found 3 plugins.
Preloading 0 native plugins for Editor in 0.00 ms.
Unloading 2635 Unused Serialized files (Serialized files now loaded: 0)
System memory in use before: 124.6 MB.
System memory in use after: 124.7 MB.

Unloading 29 unused Assets to reduce memory usage. Loaded Objects now: 3126.
Total: 1.981200 ms (FindLiveObjects: 0.219800 ms CreateObjectMapping: 0.115000 ms MarkObjects: 1.563300 ms  DeleteObjects: 0.082500 ms)

========================================================================
Received Import Request.
  Time since last request: 390.220832 seconds.
  path: Assets/Animation/npc1_5/npc1_5_Animator.controller
  artifactKey: Guid(429d37a2959731d4eb141cbadab5cb20) Importer(815301076,1909f56bfc062723c751e8b465ee728b)
Start importing Assets/Animation/npc1_5/npc1_5_Animator.controller using Guid(429d37a2959731d4eb141cbadab5cb20) Importer(815301076,1909f56bfc062723c751e8b465ee728b)  -> (artifact id: '64fce4fb83f97eedeac05f7e97e47fb3') in 0.018990 seconds
  Import took 0.023725 seconds .

========================================================================
Received Import Request.
  Time since last request: 4.618013 seconds.
  path: Assets/Animation/npc1_5/npc1_5_idle.anim
  artifactKey: Guid(6a6953711361a9749a49aa95e135001f) Importer(815301076,1909f56bfc062723c751e8b465ee728b)
Start importing Assets/Animation/npc1_5/npc1_5_idle.anim using Guid(6a6953711361a9749a49aa95e135001f) Importer(815301076,1909f56bfc062723c751e8b465ee728b)  -> (artifact id: 'dbf6b2a44e7decfd2bf29157749cfb22') in 0.005677 seconds
  Import took 0.015345 seconds .

========================================================================
Received Import Request.
  Time since last request: 0.001657 seconds.
  path: Assets/Animation/npc1_5/npc1_5_idle.anim
  artifactKey: Guid(6a6953711361a9749a49aa95e135001f) Importer(815301076,1909f56bfc062723c751e8b465ee728b)
Start importing Assets/Animation/npc1_5/npc1_5_idle.anim using Guid(6a6953711361a9749a49aa95e135001f) Importer(815301076,1909f56bfc062723c751e8b465ee728b)  -> (artifact id: 'dbf6b2a44e7decfd2bf29157749cfb22') in 0.004124 seconds
  Import took 0.007609 seconds .

========================================================================
Received Import Request.
  Time since last request: 98.262263 seconds.
  path: Assets/Animation/npc1_5/npc1_5_idle_down.anim
  artifactKey: Guid(6a6953711361a9749a49aa95e135001f) Importer(815301076,1909f56bfc062723c751e8b465ee728b)
Start importing Assets/Animation/npc1_5/npc1_5_idle_down.anim using Guid(6a6953711361a9749a49aa95e135001f) Importer(815301076,1909f56bfc062723c751e8b465ee728b)  -> (artifact id: 'c6cc96e10f2264e974f21dd5280406c3') in 0.006668 seconds
  Import took 0.039226 seconds .

========================================================================
Received Import Request.
  Time since last request: 13.018506 seconds.
  path: Assets/Animation/npc1_5/npc1_5_down_stand.anim
  artifactKey: Guid(6a6953711361a9749a49aa95e135001f) Importer(815301076,1909f56bfc062723c751e8b465ee728b)
Start importing Assets/Animation/npc1_5/npc1_5_down_stand.anim using Guid(6a6953711361a9749a49aa95e135001f) Importer(815301076,1909f56bfc062723c751e8b465ee728b)  -> (artifact id: '0e59085a7f34b01889ef6d39e8effcdb') in 0.007400 seconds
  Import took 0.018420 seconds .

========================================================================
Received Import Request.
  Time since last request: 21.836079 seconds.
  path: Assets/Textures/Game/npc1_5/up_stand.png
  artifactKey: Guid(69f1e99e397daa949a5a65bbf7867db4) Importer(815301076,1909f56bfc062723c751e8b465ee728b)
Start importing Assets/Textures/Game/npc1_5/up_stand.png using Guid(69f1e99e397daa949a5a65bbf7867db4) Importer(815301076,1909f56bfc062723c751e8b465ee728b)  -> (artifact id: '4ff7e21e3f74f99046f07204093c8cd2') in 0.045104 seconds
  Import took 0.048753 seconds .

AssetImportWorkerClient::OnTransportError - code=2 error=End of file
